-------------------------------------------------------------------------------
Test set: com.examly.springapp.SpringappApplicationTests
-------------------------------------------------------------------------------
Tests run: 17, Failures: 1, Errors: 0, Skipped: 0, Time elapsed: 4.801 s <<< FAILURE! - in com.examly.springapp.SpringappApplicationTests
com.examly.springapp.SpringappApplicationTests.testGetAccountsByCustomer_Success  Time elapsed: 0.011 s  <<< FAILURE!
java.lang.AssertionError: Status expected:<200> but was:<404>
	at com.examly.springapp.SpringappApplicationTests.testGetAccountsByCustomer_Success(SpringappApplicationTests.java:154)

